# JRE version: OpenJDK Runtime Environment (8.0_302-b08) (build 1.8.0_302-b08)
# Java VM: OpenJDK 64-Bit Server VM (25.302-b08 mixed mode windows-amd64 compressed oops)
Heap:
 PSYoungGen      total 28160K, used 4670K [0x00000000e0c00000, 0x00000000e2b00000, 0x0000000100000000)
  eden space 24576K, 4% used [0x00000000e0c00000,0x00000000e0d17ab0,0x00000000e2400000)
  from space 3584K, 99% used [0x00000000e2780000,0x00000000e2af8020,0x00000000e2b00000)
  to   space 3584K, 0% used [0x00000000e2400000,0x00000000e2400000,0x00000000e2780000)
 ParOldGen       total 64512K, used 1037K [0x00000000a2400000, 0x00000000a6300000, 0x00000000e0c00000)
  object space 64512K, 1% used [0x00000000a2400000,0x00000000a2503540,0x00000000a6300000)
 Metaspace       used 11768K, capacity 12030K, committed 12288K, reserved 1060864K
  class space    used 1328K, capacity 1431K, committed 1536K, reserved 1048576K
GC Heap History (4 events):
Event: 24.621 GC heap before
{Heap before GC invocations=1 (full 0):
 PSYoungGen      total 28160K, used 24576K [0x00000000e0c00000, 0x00000000e2b00000, 0x0000000100000000)
  eden space 24576K, 100% used [0x00000000e0c00000,0x00000000e2400000,0x00000000e2400000)
  from space 3584K, 0% used [0x00000000e2780000,0x00000000e2780000,0x00000000e2b00000)
  to   space 3584K, 0% used [0x00000000e2400000,0x00000000e2400000,0x00000000e2780000)
 ParOldGen       total 64512K, used 0K [0x00000000a2400000, 0x00000000a6300000, 0x00000000e0c00000)
  object space 64512K, 0% used [0x00000000a2400000,0x00000000a2400000,0x00000000a6300000)
 Metaspace       used 8452K, capacity 8638K, committed 8704K, reserved 1056768K
  class space    used 955K, capacity 1012K, committed 1024K, reserved 1048576K
Event: 24.674 GC heap after
Heap after GC invocations=1 (full 0):
 PSYoungGen      total 28160K, used 2864K [0x00000000e0c00000, 0x00000000e2b00000, 0x0000000100000000)
  eden space 24576K, 0% used [0x00000000e0c00000,0x00000000e0c00000,0x00000000e2400000)
  from space 3584K, 79% used [0x00000000e2400000,0x00000000e26cc278,0x00000000e2780000)
  to   space 3584K, 0% used [0x00000000e2780000,0x00000000e2780000,0x00000000e2b00000)
 ParOldGen       total 64512K, used 72K [0x00000000a2400000, 0x00000000a6300000, 0x00000000e0c00000)
  object space 64512K, 0% used [0x00000000a2400000,0x00000000a2412010,0x00000000a6300000)
 Metaspace       used 8452K, capacity 8638K, committed 8704K, reserved 1056768K
  class space    used 955K, capacity 1012K, committed 1024K, reserved 1048576K
}
Event: 32.621 GC heap before
{Heap before GC invocations=2 (full 0):
 PSYoungGen      total 28160K, used 27440K [0x00000000e0c00000, 0x00000000e2b00000, 0x0000000100000000)
  eden space 24576K, 100% used [0x00000000e0c00000,0x00000000e2400000,0x00000000e2400000)
  from space 3584K, 79% used [0x00000000e2400000,0x00000000e26cc278,0x00000000e2780000)
  to   space 3584K, 0% used [0x00000000e2780000,0x00000000e2780000,0x00000000e2b00000)
 ParOldGen       total 64512K, used 72K [0x00000000a2400000, 0x00000000a6300000, 0x00000000e0c00000)
  object space 64512K, 0% used [0x00000000a2400000,0x00000000a2412010,0x00000000a6300000)
 Metaspace       used 11724K, capacity 11966K, committed 12288K, reserved 1060864K
  class space    used 1320K, capacity 1431K, committed 1536K, reserved 1048576K
Event: 32.628 GC heap after
Heap after GC invocations=2 (full 0):
 PSYoungGen      total 28160K, used 3552K [0x00000000e0c00000, 0x00000000e2b00000, 0x0000000100000000)
  eden space 24576K, 0% used [0x00000000e0c00000,0x00000000e0c00000,0x00000000e2400000)
  from space 3584K, 99% used [0x00000000e2780000,0x00000000e2af8020,0x00000000e2b00000)
  to   space 3584K, 0% used [0x00000000e2400000,0x00000000e2400000,0x00000000e2780000)
 ParOldGen       total 64512K, used 1037K [0x00000000a2400000, 0x00000000a6300000, 0x00000000e0c00000)
  object space 64512K, 1% used [0x00000000a2400000,0x00000000a2503540,0x00000000a6300000)
 Metaspace       used 11724K, capacity 11966K, committed 12288K, reserved 1060864K
  class space    used 1320K, capacity 1431K, committed 1536K, reserved 1048576K
}

